{
  "stats": {
    "suites": 3,
    "tests": 4,
    "passes": 4,
    "pending": 0,
    "failures": 0,
    "start": "2025-11-05T18:21:38.982Z",
    "end": "2025-11-05T18:21:43.129Z",
    "duration": 4147,
    "testsRegistered": 4,
    "passPercent": 100,
    "pendingPercent": 0,
    "other": 0,
    "hasOther": false,
    "skipped": 0,
    "hasSkipped": false
  },
  "results": [
    {
      "uuid": "e99374c2-cd79-48dd-9d61-ed94d9447c5d",
      "title": "",
      "fullFile": "cypress\\e2e\\tests\\use_fixtures.cy.js",
      "file": "cypress\\e2e\\tests\\use_fixtures.cy.js",
      "beforeHooks": [],
      "afterHooks": [],
      "tests": [],
      "suites": [
        {
          "uuid": "c1bffbec-0166-4dda-9a9c-ef27650450dc",
          "title": "Test Inside Track using fixtured data",
          "fullFile": "",
          "file": "",
          "beforeHooks": [],
          "afterHooks": [],
          "tests": [],
          "suites": [
            {
              "uuid": "0cf71e15-8899-4cd1-b7ee-e48ff31cf64d",
              "title": "Run checks with unfavourable odds from fixtured data",
              "fullFile": "",
              "file": "",
              "beforeHooks": [],
              "afterHooks": [],
              "tests": [
                {
                  "title": "should display red text with accurate values when calculated with unfavourable_1 fixure data",
                  "fullTitle": "Test Inside Track using fixtured data Run checks with unfavourable odds from fixtured data should display red text with accurate values when calculated with unfavourable_1 fixure data",
                  "timedOut": null,
                  "duration": 1066,
                  "state": "passed",
                  "speed": "fast",
                  "pass": true,
                  "fail": false,
                  "pending": false,
                  "context": null,
                  "code": "_main_page.default.insertOdds(this.odds.unfavourable_1);\n_main_page.default.clickCalculate();\nconst expectedValues = ['31.39%', '20.93%', '15.7%', '12.56%', '10.46%', '8.97%'];\n// Verify each summary has the expected value, class, and colour \nexpectedValues.forEach((val, idx) => {\n  let summary = _main_page.default.getSummaryText(idx + 1);\n  summary.should('have.text', val).and('have.class', 'text-danger').and('have.css', 'color', 'rgb(169, 68, 66)');\n});",
                  "err": {},
                  "uuid": "2da4f3b7-4b9d-4e83-bce4-1f3ee5616809",
                  "parentUUID": "0cf71e15-8899-4cd1-b7ee-e48ff31cf64d",
                  "isHook": false,
                  "skipped": false
                },
                {
                  "title": "should display red text with accurate values when calculated with unfavourable_2 fixure data",
                  "fullTitle": "Test Inside Track using fixtured data Run checks with unfavourable odds from fixtured data should display red text with accurate values when calculated with unfavourable_2 fixure data",
                  "timedOut": null,
                  "duration": 1002,
                  "state": "passed",
                  "speed": "fast",
                  "pass": true,
                  "fail": false,
                  "pending": false,
                  "context": null,
                  "code": "_main_page.default.insertOdds(this.odds.unfavourable_2);\n_main_page.default.clickCalculate();\nconst expectedValues = ['14.29%', '19.05%', '14.29%', '19.05%', '14.29%', '19.05%'];\n// Verify each summary has the expected value, class, and colour \nexpectedValues.forEach((val, idx) => {\n  let summary = _main_page.default.getSummaryText(idx + 1);\n  summary.should('have.text', val).and('have.class', 'text-danger').and('have.css', 'color', 'rgb(169, 68, 66)');\n});",
                  "err": {},
                  "uuid": "473ab413-fecf-498a-8bb6-c26ed3078bf9",
                  "parentUUID": "0cf71e15-8899-4cd1-b7ee-e48ff31cf64d",
                  "isHook": false,
                  "skipped": false
                }
              ],
              "suites": [],
              "passes": [
                "2da4f3b7-4b9d-4e83-bce4-1f3ee5616809",
                "473ab413-fecf-498a-8bb6-c26ed3078bf9"
              ],
              "failures": [],
              "pending": [],
              "skipped": [],
              "duration": 2068,
              "root": false,
              "rootEmpty": false,
              "_timeout": 2000
            },
            {
              "uuid": "b5a2918b-8c8d-432e-9dcf-1f44cb153bdc",
              "title": "Run checks with favourable odds from fixtured data",
              "fullFile": "",
              "file": "",
              "beforeHooks": [],
              "afterHooks": [],
              "tests": [
                {
                  "title": "should display green text with accurate values when calculated with favourable_1 fixure data",
                  "fullTitle": "Test Inside Track using fixtured data Run checks with favourable odds from fixtured data should display green text with accurate values when calculated with favourable_1 fixure data",
                  "timedOut": null,
                  "duration": 1005,
                  "state": "passed",
                  "speed": "fast",
                  "pass": true,
                  "fail": false,
                  "pending": false,
                  "context": null,
                  "code": "_main_page.default.insertOdds(this.odds.favourable_1);\n_main_page.default.clickCalculate();\nconst expectedValues = ['11.08%', '9.38%', '17.42%', '24.38%', '20.32%', '17.42%'];\n// Verify each summary has the expected value, class, and colour \nexpectedValues.forEach((val, idx) => {\n  let summary = _main_page.default.getSummaryText(idx + 1);\n  summary.should('have.text', val).and('have.class', 'text-success').and('have.css', 'color', 'rgb(60, 118, 61)');\n});",
                  "err": {},
                  "uuid": "2c720c7f-438b-4b40-b0cd-dbcba2bdb511",
                  "parentUUID": "b5a2918b-8c8d-432e-9dcf-1f44cb153bdc",
                  "isHook": false,
                  "skipped": false
                },
                {
                  "title": "should display green text with accurate values when calculated with favourable_2 fixure data",
                  "fullTitle": "Test Inside Track using fixtured data Run checks with favourable odds from fixtured data should display green text with accurate values when calculated with favourable_2 fixure data",
                  "timedOut": null,
                  "duration": 967,
                  "state": "passed",
                  "speed": "fast",
                  "pass": true,
                  "fail": false,
                  "pending": false,
                  "context": null,
                  "code": "_main_page.default.insertOdds(this.odds.favourable_2);\n_main_page.default.clickCalculate();\nconst expectedValues = ['18.52%', '14.81%', '18.52%', '14.81%', '14.81%', '18.52%'];\n// Verify each summary has the expected value, class, and colour \nexpectedValues.forEach((val, idx) => {\n  let summary = _main_page.default.getSummaryText(idx + 1);\n  summary.should('have.text', val).and('have.class', 'text-success').and('have.css', 'color', 'rgb(60, 118, 61)');\n});",
                  "err": {},
                  "uuid": "a8024cd3-4fb3-4625-a375-75416d5ef6ed",
                  "parentUUID": "b5a2918b-8c8d-432e-9dcf-1f44cb153bdc",
                  "isHook": false,
                  "skipped": false
                }
              ],
              "suites": [],
              "passes": [
                "2c720c7f-438b-4b40-b0cd-dbcba2bdb511",
                "a8024cd3-4fb3-4625-a375-75416d5ef6ed"
              ],
              "failures": [],
              "pending": [],
              "skipped": [],
              "duration": 1972,
              "root": false,
              "rootEmpty": false,
              "_timeout": 2000
            }
          ],
          "passes": [],
          "failures": [],
          "pending": [],
          "skipped": [],
          "duration": 0,
          "root": false,
          "rootEmpty": false,
          "_timeout": 2000
        }
      ],
      "passes": [],
      "failures": [],
      "pending": [],
      "skipped": [],
      "duration": 0,
      "root": true,
      "rootEmpty": true,
      "_timeout": 2000
    }
  ],
  "meta": {
    "mocha": {
      "version": "7.2.0"
    },
    "mochawesome": {
      "options": {
        "quiet": false,
        "reportFilename": "report-[name]-[status]-[datetime]",
        "saveHtml": false,
        "saveJson": true,
        "consoleReporter": "spec",
        "useInlineDiffs": false,
        "code": true
      },
      "version": "7.1.4"
    },
    "marge": {
      "options": {
        "html": false,
        "json": true,
        "reportFilename": "report-[name]-[status]-[datetime]",
        "consoleReporter": "spec"
      },
      "version": "6.3.2"
    }
  }
}